[2026-03-07 17:17:07] User: ab | Action: Logged in
[2026-03-07 17:17:19] User: ab | Action: Search failed for patient record 12
[2026-03-07 17:17:24] User: ab | Action: Search failed for patient record 1
[2026-03-07 17:17:28] User: ab | Action: Search failed for patient record 2
[2026-03-07 17:17:48] User: ab | Action: Logged out
[2026-03-07 17:18:16] User: ab | Action: Logged in
[2026-03-07 17:18:22] User: ab | Action: Search failed for patient record 999
[2026-03-07 17:19:08] User: ab | Action: Added patient record 1234
[2026-03-07 17:19:08] User: ab | Action: Viewed patient record 1234
[2026-03-07 17:19:13] User: ab | Action: Searched and viewed patient record 12
[2026-03-07 17:19:17] User: ab | Action: Searched and viewed patient record 1234
[2026-03-07 17:19:21] User: ab | Action: Logged out
[2026-03-07 17:26:46] User: ab | Action: Logged in
[2026-03-07 17:26:54] User: ab | Action: Searched and viewed patient record 12
[2026-03-07 17:27:02] User: ab | Action: Logged out
[2026-03-07 17:28:02] User: ab | Action: Logged in
[2026-03-07 17:28:16] User: ab | Action: Searched and viewed patient record 12
[2026-03-07 17:28:20] User: ab | Action: Searched and viewed patient record 56
[2026-03-07 17:28:23] User: ab | Action: Search failed for patient record 1234
[2026-03-07 17:28:27] User: ab | Action: Search failed for patient record 999
[2026-03-07 17:28:30] User: ab | Action: Searched and viewed patient record 823
[2026-03-07 17:28:46] User: ab | Action: Logged out
[2026-03-07 17:34:01] User: ab | Action: Logged in
[2026-03-07 17:34:07] User: ab | Action: Search failed for patient record 12
[2026-03-07 17:34:09] User: ab | Action: Search failed for patient record 12
[2026-03-07 17:34:13] User: ab | Action: Logged out
[2026-03-07 17:34:56] User: ab | Action: Logged in
[2026-03-07 17:35:01] User: ab | Action: Search failed for patient record 12
[2026-03-07 17:35:05] User: ab | Action: Search failed for patient record 123
[2026-03-07 17:35:09] User: ab | Action: Search failed for patient record 823
[2026-03-07 17:35:25] User: ab | Action: Added patient record 1234
[2026-03-07 17:35:25] User: ab | Action: Viewed patient record 1234
[2026-03-07 17:35:28] User: ab | Action: Search failed for patient record 12
[2026-03-07 17:35:32] User: ab | Action: Searched and viewed patient record 1234
[2026-03-07 17:35:35] User: ab | Action: Search failed for patient record 1
[2026-03-07 17:35:37] User: ab | Action: Search failed for patient record 12
[2026-03-07 17:35:42] User: ab | Action: Logged out
[2026-03-07 17:42:42] User: ab | Action: Logged in
[2026-03-07 17:42:44] User: ab | Action: Viewed all patient records
[2026-03-07 17:42:54] User: ab | Action: Search failed for patient record 12
[2026-03-07 17:42:59] User: ab | Action: Search failed for patient record 123
[2026-03-07 17:43:05] User: ab | Action: Logged out
[2026-03-07 17:47:46] User: ab | Action: Logged in
[2026-03-07 17:47:49] User: ab | Action: Viewed all patient records
[2026-03-07 17:48:20] User: ab | Action: Searched patient record 910
[2026-03-07 17:48:47] User: ab | Action: Logged out
[2026-03-07 17:50:24] User: ab | Action: Logged in
[2026-03-07 17:50:26] User: ab | Action: Viewed all patient records
[2026-03-07 17:51:41] User: ab | Action: Viewed all patient records
[2026-03-07 17:51:55] User: ab | Action: Viewed all patient records
[2026-03-07 17:51:59] User: ab | Action: Logged out
[2026-03-07 23:51:04] User: ab | Action: Logged in
[2026-03-07 23:51:06] User: ab | Action: Viewed all patient records
[2026-03-07 23:51:14] User: ab | Action: Searched patient record 301
[2026-03-07 23:52:27] User: ab | Action: Logged out
[2026-03-08 10:42:18] User: ab | Action: Logged in
[2026-03-08 10:42:22] User: ab | Action: Viewed all patient records
[2026-03-08 10:42:54] User: ab | Action: Searched patient record 345
[2026-03-08 10:43:20] User: ab | Action: Updated patient record 345
[2026-03-08 10:43:20] User: ab | Action: Viewed all patient records
[2026-03-08 10:44:16] User: ab | Action: Added patient record 1234
[2026-03-08 10:44:16] User: ab | Action: Viewed all patient records
[2026-03-08 10:44:21] User: ab | Action: Searched patient record 1234
[2026-03-08 10:44:30] User: ab | Action: Deleted patient record 1234
[2026-03-08 10:44:30] User: ab | Action: Viewed all patient records
[2026-03-08 10:44:34] User: ab | Action: Search failed for patient record 1234
[2026-03-08 10:44:39] User: ab | Action: Searched patient record 123
[2026-03-08 10:44:55] User: ab | Action: Logged out
[2026-03-08 10:45:18] User: abc | Action: Logged in
[2026-03-08 10:45:31] User: abc | Action: Logged out
[2026-03-08 11:07:10] User: ab | Action: Logged in
[2026-03-08 11:07:20] User: ab | Action: Viewed all patient records
[2026-03-08 11:08:01] User: ab | Action: Viewed all patient records
[2026-03-08 11:08:09] User: ab | Action: Viewed all patient records
[2026-03-08 11:09:11] User: ab | Action: Logged out
[2026-03-08 11:09:52] User: ab | Action: Logged in
[2026-03-08 11:09:56] User: ab | Action: Viewed all patient records
[2026-03-08 11:10:21] User: ab | Action: Updated patient record 393
[2026-03-08 11:10:21] User: ab | Action: Viewed all patient records
[2026-03-08 11:11:42] User: ab | Action: Added patient record 1234
[2026-03-08 11:11:42] User: ab | Action: Viewed all patient records
[2026-03-08 11:11:50] User: ab | Action: Searched patient record 1234
[2026-03-08 11:12:02] User: ab | Action: Deleted patient record 1234
[2026-03-08 11:12:02] User: ab | Action: Viewed all patient records
[2026-03-08 11:12:06] User: ab | Action: Search failed for patient record 1234
[2026-03-08 11:12:41] User: ab | Action: Logged out
[2026-03-08 11:18:51] User: ab | Action: Logged in
[2026-03-08 11:18:54] User: ab | Action: Viewed all patient records
[2026-03-08 11:22:08] User: ab | Action: Viewed all patient records
[2026-03-08 11:22:16] User: ab | Action: Viewed all patient records
[2026-03-08 11:22:19] User: ab | Action: Viewed all patient records
[2026-03-08 11:22:23] User: ab | Action: Logged out
[2026-03-08 11:24:35] User: ab | Action: Logged in
[2026-03-08 11:24:38] User: ab | Action: Viewed all patient records
[2026-03-08 11:24:53] User: ab | Action: Viewed all patient records
[2026-03-08 11:24:56] User: ab | Action: Logged out
[2026-03-08 11:49:07] User: ab | Action: Logged in
[2026-03-08 11:49:15] User: ab | Action: Viewed all patient records
[2026-03-08 11:49:28] User: ab | Action: Searched patient record 123
[2026-03-08 11:49:46] User: ab | Action: Logged out
[2026-03-08 12:00:01] User: ab | Action: Logged in
[2026-03-08 12:00:04] User: ab | Action: Viewed all patient records
[2026-03-08 12:00:10] User: ab | Action: Searched patient record 123
[2026-03-08 12:01:39] User: ab | Action: Logged out
[2026-03-08 12:01:59] User: abc | Action: Logged in
[2026-03-08 12:02:08] User: abc | Action: Logged out
[2026-03-08 12:08:59] User: ab | Action: Logged in
[2026-03-08 12:09:03] User: ab | Action: Viewed all patient records
[2026-03-08 12:09:12] User: ab | Action: Searched patient record 12
[2026-03-08 12:09:34] User: ab | Action: Viewed all patient records
[2026-03-08 12:09:48] User: ab | Action: Logged out
[2026-03-08 12:29:24] User: ab | Action: Logged in
[2026-03-08 12:29:28] User: ab | Action: Viewed all patient records
[2026-03-08 12:29:50] User: ab | Action: Logged out
[2026-03-08 12:39:27] User: ab | Action: Logged in
[2026-03-08 12:39:30] User: ab | Action: Viewed all patient records
[2026-03-08 12:39:46] User: ab | Action: Searched patient record 123
[2026-03-08 12:39:54] User: ab | Action: Searched patient record 123
[2026-03-08 12:40:30] User: ab | Action: Added patient record 1234
[2026-03-08 12:40:30] User: ab | Action: Viewed all patient records
[2026-03-08 12:40:35] User: ab | Action: Searched patient record 1234
[2026-03-08 12:40:51] User: ab | Action: Deleted patient record 1234
[2026-03-08 12:40:51] User: ab | Action: Viewed all patient records
[2026-03-08 12:41:04] User: ab | Action: Logged out
[2026-03-08 13:02:22] User: abc | Action: Logged in
[2026-03-08 13:02:38] User: abc | Action: Logged out
[2026-03-08 13:03:02] User: ab | Action: Logged in
[2026-03-08 13:03:05] User: ab | Action: Viewed all patient records
[2026-03-08 13:03:11] User: ab | Action: Searched patient record 123
[2026-03-08 13:03:20] User: ab | Action: Logged out
